
> expense-manager-pwa@2.0.0 dev
> vite --host 0.0.0.0


  [32m[1mVITE[22m v7.3.1[39m  [2mready in [0m[1m965[22m[2m[0m ms[22m

  [32m➜[39m  [1mLocal[22m:   [36mhttp://localhost:[1m5173[22m/[39m
  [32m➜[39m  [1mNetwork[22m: [36mhttp://10.179.249.208:[1m5173[22m/[39m
[2m12:21:11 am[22m [36m[1m[vite][22m[39m [90m[2m(client)[22m[39m [32mhmr update [39m[2m/src/index.css[22m
[2m12:30:27 am[22m [36m[1m[vite][22m[39m [90m[2m(client)[22m[39m [32mhmr update [39m[2m/src/index.css[22m
[2m12:52:42 am[22m [36m[1m[vite][22m[39m [90m[2m(client)[22m[39m [32mhmr update [39m[2m/src/features/settings/UsersPage.jsx, /src/index.css[22m
[2m12:52:56 am[22m [36m[1m[vite][22m[39m [90m[2m(client)[22m[39m [32mhmr update [39m[2m/src/index.css, /src/features/settings/SettingsPage.jsx[22m
[2m12:54:11 am[22m [36m[1m[vite][22m[39m [90m[2m(client)[22m[39m [32mhmr update [39m[2m/src/index.css, /src/features/budgets/BudgetsPage.jsx[22m
[2m12:54:24 am[22m [36m[1m[vite][22m[39m [90m[2m(client)[22m[39m [32mhmr update [39m[2m/src/features/settings/UserAccessForm.jsx, /src/index.css[22m
[2m1:48:30 am[22m [36m[1m[vite][22m[39m [90m[2m(client)[22m[39m [32mhmr update [39m[2m/src/features/settings/UsersPage.jsx, /src/index.css[22m
[2m1:49:18 am[22m [36m[1m[vite][22m[39m [90m[2m(client)[22m[39m [32mhmr update [39m[2m/src/features/settings/UserAccessForm.jsx, /src/index.css[22m
[2m2:20:29 am[22m [36m[1m[vite][22m[39m [90m[2m(client)[22m[39m [32mhmr update [39m[2m/src/app/App.jsx, /src/features/dashboard/DashboardPage.jsx, /src/components/TransactionItem.jsx, /src/components/BottomTabs.jsx, /src/features/settings/SettingsPage.jsx, /src/features/settings/ModulesPage.jsx, /src/features/budgets/BudgetViewPage.jsx, /src/features/transactions/TransactionsPage.jsx, /src/features/transactions/TransactionFormPage.jsx, /src/features/dashboard/ChartsPage.jsx, /src/features/transactions/TransactionViewPage.jsx, /src/index.css[22m
[2m2:20:29 am[22m [36m[1m[vite][22m[39m [90m[2m(client)[22m[39m [32mhmr update [39m[2m/src/features/settings/ModulesPage.jsx, /src/index.css[22m
[2m2:20:29 am[22m [36m[1m[vite][22m[39m [90m[2m(client)[22m[39m [32mhmr update [39m[2m/src/app/App.jsx, /src/index.css[22m
[2m2:20:29 am[22m [36m[1m[vite][22m[39m [90m[2m(client)[22m[39m [32mhmr update [39m[2m/src/features/transactions/TransactionViewPage.jsx, /src/index.css[22m
[2m2:20:29 am[22m [36m[1m[vite][22m[39m [90m[2m(client)[22m[39m [32mhmr update [39m[2m/src/index.css, /src/components/TransactionItem.jsx[22m
[2m2:20:29 am[22m [36m[1m[vite][22m[39m [90m[2m(client)[22m[39m [32mhmr update [39m[2m/src/index.css, /src/features/budgets/BudgetViewPage.jsx, /src/features/transactions/TransactionsPage.jsx, /src/features/ledger/LedgerPage.jsx, /src/features/assets/AssetsWealthPage.jsx, /src/features/dashboard/ChartsPage.jsx[22m
[2m2:20:29 am[22m [36m[1m[vite][22m[39m [90m[2m(client)[22m[39m [32mhmr update [39m[2m/src/index.css, /src/features/settings/SettingsPage.jsx[22m
[2m2:22:01 am[22m [36m[1m[vite][22m[39m [90m[2m(client)[22m[39m [32mhmr update [39m[2m/src/features/transactions/TransactionsPage.jsx, /src/index.css[22m
[2m2:22:01 am[22m [36m[1m[vite][22m[39m [90m[2m(client)[22m[39m [32mhmr update [39m[2m/src/index.css[22m
[2m2:22:43 am[22m [36m[1m[vite][22m[39m [90m[2m(client)[22m[39m [32mhmr update [39m[2m/src/index.css[22m
[2m2:22:43 am[22m [36m[1m[vite][22m[39m [90m[2m(client)[22m[39m [32mhmr update [39m[2m/src/index.css[22m
[2m2:22:43 am[22m [36m[1m[vite][22m[39m [90m[2m(client)[22m[39m [32mhmr update [39m[2m/src/features/budgets/BudgetViewPage.jsx, /src/index.css[22m
[2m2:22:43 am[22m [36m[1m[vite][22m[39m [90m[2m(client)[22m[39m [32mhmr update [39m[2m/src/index.css[22m
[2m2:22:43 am[22m [36m[1m[vite][22m[39m [90m[2m(client)[22m[39m [32mhmr update [39m[2m/src/index.css[22m
[2m2:22:59 am[22m [36m[1m[vite][22m[39m [90m[2m(client)[22m[39m [32mhmr update [39m[2m/src/features/dashboard/DashboardPage.jsx, /src/index.css[22m
[2m2:23:31 am[22m [36m[1m[vite][22m[39m [90m[2m(client)[22m[39m [32mhmr update [39m[2m/src/features/dashboard/ChartsPage.jsx, /src/index.css[22m
[2m2:24:12 am[22m [36m[1m[vite][22m[39m [90m[2m(client)[22m[39m [32mhmr update [39m[2m/src/index.css[22m
[2m2:24:56 am[22m [36m[1m[vite][22m[39m [90m[2m(client)[22m[39m [32mhmr update [39m[2m/src/features/dashboard/ChartsPage.jsx, /src/index.css[22m
[2m2:26:11 am[22m [36m[1m[vite][22m[39m [90m[2m(client)[22m[39m [32mhmr update [39m[2m/src/index.css[22m
[2m2:26:11 am[22m [36m[1m[vite][22m[39m [90m[2m(client)[22m[39m [32mhmr update [39m[2m/src/features/dashboard/ChartsPage.jsx, /src/index.css[22m
[2m2:28:55 am[22m [36m[1m[vite][22m[39m [90m[2m(client)[22m[39m [32mhmr update [39m[2m/src/app/App.jsx, /src/index.css[22m
[2m2:28:55 am[22m [36m[1m[vite][22m[39m [90m[2m(client)[22m[39m [32mhmr update [39m[2m/src/index.css, /src/features/settings/SettingsPage.jsx[22m
[2m2:49:59 am[22m [36m[1m[vite][22m[39m [90m[2m(client)[22m[39m [32mhmr update [39m[2m/src/app/App.jsx, /src/features/dashboard/DashboardPage.jsx, /src/components/BottomTabs.jsx, /src/components/FabAddButton.jsx, /src/features/settings/SettingsPage.jsx, /src/features/settings/UsersPage.jsx, /src/features/settings/UserAccessForm.jsx, /src/index.css[22m
[2m2:50:17 am[22m [36m[1m[vite][22m[39m [90m[2m(client)[22m[39m [32mhmr update [39m[2m/src/features/settings/UserAccessForm.jsx, /src/index.css[22m
[2m2:50:36 am[22m [36m[1m[vite][22m[39m [90m[2m(client)[22m[39m [32mhmr update [39m[2m/src/features/settings/UsersPage.jsx, /src/index.css[22m
[2m2:50:55 am[22m [36m[1m[vite][22m[39m [90m[2m(client)[22m[39m [32mhmr update [39m[2m/src/features/transactions/TransactionViewPage.jsx, /src/index.css[22m
[2m2:51:08 am[22m [36m[1m[vite][22m[39m [90m[2m(client)[22m[39m [32mhmr update [39m[2m/src/index.css[22m
[2m2:51:26 am[22m [36m[1m[vite][22m[39m [90m[2m(client)[22m[39m [32mhmr update [39m[2m/src/features/transactions/TransactionFormPage.jsx, /src/index.css[22m
[2m2:51:36 am[22m [36m[1m[vite][22m[39m [90m[2m(client)[22m[39m [32mhmr update [39m[2m/src/features/transactions/TransactionFormPage.jsx, /src/index.css[22m
[2m3:23:47 am[22m [36m[1m[vite][22m[39m [90m[2m(client)[22m[39m [32mhmr update [39m[2m/src/index.css, /src/features/settings/UsersPage.jsx[22m
[2m3:23:55 am[22m [36m[1m[vite][22m[39m [90m[2m(client)[22m[39m [32mhmr update [39m[2m/src/index.css, /src/components/UserStripSelector.jsx[22m
[2m3:24:23 am[22m [36m[1m[vite][22m[39m [90m[2m(client)[22m[39m [32mhmr update [39m[2m/src/features/settings/UsersPage.jsx, /src/index.css[22m
[2m3:28:27 am[22m [36m[1m[vite][22m[39m [90m[2m(client)[22m[39m [32mhmr update [39m[2m/src/index.css, /src/features/dashboard/DashboardPage.jsx, /src/features/ledger/LedgerPage.jsx, /src/features/transactions/TransactionFormPage.jsx, /src/features/ledger/LedgerContactPage.jsx[22m
[2m3:28:56 am[22m [36m[1m[vite][22m[39m [90m[2m(client)[22m[39m [32mhmr update [39m[2m/src/features/ledger/LedgerPage.jsx, /src/index.css[22m
[2m3:29:19 am[22m [36m[1m[vite][22m[39m [90m[2m(client)[22m[39m [32mhmr update [39m[2m/src/features/ledger/LedgerContactPage.jsx, /src/index.css[22m

C:\xampp\htdocs\nikhilwealthmanager\frontend>